#
# There is insufficient memory for the Java Runtime Environment to continue.
# Native memory allocation (mmap) failed to map 266338304 bytes for Failed to commit area from 0x0000000702200000 to 0x0000000712000000 of length 266338304.
# Possible reasons:
#   The system is out of physical RAM or swap space
#   The process is running with CompressedOops enabled, and the Java Heap may be blocking the growth of the native heap
# Possible solutions:
#   Reduce memory load on the system
#   Increase physical memory or swap space
#   Check if swap backing store is full
#   Decrease Java heap size (-Xmx/-Xms)
#   Decrease number of Java threads
#   Decrease Java thread stack sizes (-Xss)
#   Set larger code cache with -XX:ReservedCodeCacheSize=
# This output file may be truncated or incomplete.
#
#  Out of Memory Error (./src/hotspot/os/windows/os_windows.cpp:3521), pid=20384, tid=20916
#
# JRE version:  (11.0.13+8) (build )
# Java VM: OpenJDK 64-Bit Server VM (11.0.13+8-b1504.49, mixed mode, sharing, tiered, compressed oops, g1 gc, windows-amd64)
# No core dump will be written. Minidumps are not enabled by default on client versions of Windows
#

---------------  S U M M A R Y ------------

Command Line: git4idea.http.GitAskPassApp Username for 'https://github.com': 

Host: Intel(R) Core(TM) i7-9700K CPU @ 3.60GHz, 8 cores, 15G,  Windows 10 , 64 bit Build 22000 (10.0.22000.434)
Time: Fri Apr  1 21:07:37 2022 W. Europe Summer Time elapsed time: 0.006578 seconds (0d 0h 0m 0s)

---------------  T H R E A D  ---------------

Current thread (0x000002020c4eb800):  JavaThread "Unknown thread" [_thread_in_vm, id=20916, stack(0x000000a753800000,0x000000a753900000)]

Stack: [0x000000a753800000,0x000000a753900000]
Native frames: (J=compiled Java code, j=interpreted, Vv=VM code, C=native code)
V  [jvm.dll+0x6131fa]
V  [jvm.dll+0x798f40]
V  [jvm.dll+0x79a55d]
V  [jvm.dll+0x79ac33]
V  [jvm.dll+0x24c038]
V  [jvm.dll+0x610514]
V  [jvm.dll+0x605105]
V  [jvm.dll+0x30a53b]
V  [jvm.dll+0x30a4aa]
V  [jvm.dll+0x30a382]
V  [jvm.dll+0x30f2e6]
V  [jvm.dll+0x358953]
V  [jvm.dll+0x359056]
V  [jvm.dll+0x358a53]
V  [jvm.dll+0x2e4f08]
V  [jvm.dll+0x2e60a7]
V  [jvm.dll+0x776017]
V  [jvm.dll+0x77780c]
V  [jvm.dll+0x365f19]
V  [jvm.dll+0x759c6e]
V  [jvm.dll+0x3d3fd3]
V  [jvm.dll+0x3d6571]
C  [jli.dll+0x536b]
C  [ucrtbase.dll+0x26c0c]
C  [KERNEL32.DLL+0x154e0]
C  [ntdll.dll+0x485b]


---------------  P R O C E S S  ---------------

Threads class SMR info:
_java_thread_list=0x000002020a296d00, length=0, elements={
}

Java Threads: ( => current thread )

Other Threads:
  0x000002020c4ff000 GCTaskThread "GC Thread#0" [stack: 0x000000a753900000,0x000000a753a00000] [id=16592]
  0x000002020c55e800 ConcurrentGCThread "G1 Main Marker" [stack: 0x000000a753a00000,0x000000a753b00000] [id=7040]
  0x000002020c561000 ConcurrentGCThread "G1 Conc#0" [stack: 0x000000a753b00000,0x000000a753c00000] [id=5560]

[error occurred during error reporting (printing all threads), id 0xc0000005, EXCEPTION_ACCESS_VIOLATION (0xc0000005) at pc=0x00007ff82ab45547]

VM state:not at safepoint (not fully initialized)

VM Mutex/Monitor currently owned by a thread:  ([mutex/lock_event])
[0x000002020c4e8c30] Heap_lock - owner thread: 0x000002020c4eb800

Heap address: 0x0000000702200000, size: 4062 MB, Compressed Oops mode: Non-zero based: 0x0000000702200000
Narrow klass base: 0x0000000000000000, Narrow klass shift: 0

GC Heap History (0 events):
No events

Deoptimization events (0 events):
No events

Classes redefined (0 events):
No events

Internal exceptions (0 events):
No events

Events (1 events):
Event: 0.004 Loaded shared library C:\Program Files\JetBrains\PyCharm Community Edition 2021.2.2\jbr\bin\zip.dll


Dynamic libraries:
0x00007ff6cdce0000 - 0x00007ff6cdcea000 	C:\Program Files\JetBrains\PyCharm Community Edition 2021.2.2\jbr\bin\java.exe
0x00007ff897060000 - 0x00007ff897269000 	C:\WINDOWS\SYSTEM32\ntdll.dll
0x00007ff895d40000 - 0x00007ff895dfd000 	C:\WINDOWS\System32\KERNEL32.DLL
0x00007ff8947b0000 - 0x00007ff894b24000 	C:\WINDOWS\System32\KERNELBASE.dll
0x00007ff894b30000 - 0x00007ff894c41000 	C:\WINDOWS\System32\ucrtbase.dll
0x00007ff8844c0000 - 0x00007ff8844d7000 	C:\Program Files\JetBrains\PyCharm Community Edition 2021.2.2\jbr\bin\VCRUNTIME140.dll
0x00007ff881740000 - 0x00007ff881759000 	C:\Program Files\JetBrains\PyCharm Community Edition 2021.2.2\jbr\bin\jli.dll
0x00007ff895ab0000 - 0x00007ff895c5c000 	C:\WINDOWS\System32\USER32.dll
0x00007ff894cf0000 - 0x00007ff894d16000 	C:\WINDOWS\System32\win32u.dll
0x00007ff87b0d0000 - 0x00007ff87b375000 	C:\WINDOWS\WinSxS\amd64_microsoft.windows.common-controls_6595b64144ccf1df_6.0.22000.120_none_9d947278b86cc467\COMCTL32.dll
0x00007ff8956b0000 - 0x00007ff8956d9000 	C:\WINDOWS\System32\GDI32.dll
0x00007ff895120000 - 0x00007ff8951c3000 	C:\WINDOWS\System32\msvcrt.dll
0x00007ff8945d0000 - 0x00007ff8946e2000 	C:\WINDOWS\System32\gdi32full.dll
0x00007ff894c50000 - 0x00007ff894ced000 	C:\WINDOWS\System32\msvcp_win.dll
0x00007ff896fe0000 - 0x00007ff897011000 	C:\WINDOWS\System32\IMM32.DLL
0x00007ff8716d0000 - 0x00007ff87176d000 	C:\Program Files\JetBrains\PyCharm Community Edition 2021.2.2\jbr\bin\msvcp140.dll
0x00007ff82a850000 - 0x00007ff82b3c5000 	C:\Program Files\JetBrains\PyCharm Community Edition 2021.2.2\jbr\bin\server\jvm.dll
0x00007ff896140000 - 0x00007ff8961ee000 	C:\WINDOWS\System32\ADVAPI32.dll
0x00007ff894f00000 - 0x00007ff894f9e000 	C:\WINDOWS\System32\sechost.dll
0x00007ff895880000 - 0x00007ff8959a0000 	C:\WINDOWS\System32\RPCRT4.dll
0x00007ff895e70000 - 0x00007ff895e78000 	C:\WINDOWS\System32\PSAPI.DLL
0x00007ff884ce0000 - 0x00007ff884ce9000 	C:\WINDOWS\SYSTEM32\WSOCK32.dll
0x00007ff887880000 - 0x00007ff8878b3000 	C:\WINDOWS\SYSTEM32\WINMM.dll
0x00007ff88f130000 - 0x00007ff88f13a000 	C:\WINDOWS\SYSTEM32\VERSION.dll
0x00007ff895640000 - 0x00007ff8956af000 	C:\WINDOWS\System32\WS2_32.dll
0x00007ff893650000 - 0x00007ff893668000 	C:\WINDOWS\SYSTEM32\kernel.appcore.dll
0x00007ff888580000 - 0x00007ff888591000 	C:\Program Files\JetBrains\PyCharm Community Edition 2021.2.2\jbr\bin\verify.dll
0x00007ff892140000 - 0x00007ff892361000 	C:\WINDOWS\SYSTEM32\DBGHELP.DLL
0x00007ff87cbd0000 - 0x00007ff87cc01000 	C:\WINDOWS\SYSTEM32\dbgcore.DLL
0x00007ff894550000 - 0x00007ff8945cf000 	C:\WINDOWS\System32\bcryptPrimitives.dll
0x00007ff883850000 - 0x00007ff883879000 	C:\Program Files\JetBrains\PyCharm Community Edition 2021.2.2\jbr\bin\java.dll
0x00007ff88ff40000 - 0x00007ff88ff4b000 	C:\Program Files\JetBrains\PyCharm Community Edition 2021.2.2\jbr\bin\jimage.dll
0x00007ff887fc0000 - 0x00007ff887fd8000 	C:\Program Files\JetBrains\PyCharm Community Edition 2021.2.2\jbr\bin\zip.dll

dbghelp: loaded successfully - version: 4.0.5 - missing functions: none
symbol engine: initialized successfully - sym options: 0x614 - pdb path: .;C:\Program Files\JetBrains\PyCharm Community Edition 2021.2.2\jbr\bin;C:\WINDOWS\SYSTEM32;C:\WINDOWS\WinSxS\amd64_microsoft.windows.common-controls_6595b64144ccf1df_6.0.22000.120_none_9d947278b86cc467;C:\Program Files\JetBrains\PyCharm Community Edition 2021.2.2\jbr\bin\server

VM Arguments:
java_command: git4idea.http.GitAskPassApp Username for 'https://github.com': 
java_class_path (initial): C:/Program Files/JetBrains/PyCharm Community Edition 2021.2.2/plugins/git4idea/lib/git4idea-rt.jar;C:/Program Files/JetBrains/PyCharm Community Edition 2021.2.2/lib/3rd-party.jar
Launcher Type: SUN_STANDARD

[Global flags]
     intx CICompilerCount                          = 4                                         {product} {ergonomic}
     uint ConcGCThreads                            = 2                                         {product} {ergonomic}
     uint G1ConcRefinementThreads                  = 8                                         {product} {ergonomic}
   size_t G1HeapRegionSize                         = 1048576                                   {product} {ergonomic}
    uintx GCDrainStackTargetSize                   = 64                                        {product} {ergonomic}
   size_t InitialHeapSize                          = 266338304                                 {product} {ergonomic}
   size_t MarkStackSize                            = 4194304                                   {product} {ergonomic}
   size_t MaxHeapSize                              = 4259315712                                {product} {ergonomic}
   size_t MinHeapDeltaBytes                        = 1048576                                   {product} {ergonomic}
    uintx NonNMethodCodeHeapSize                   = 5836300                                {pd product} {ergonomic}
    uintx NonProfiledCodeHeapSize                  = 122910970                              {pd product} {ergonomic}
    uintx ProfiledCodeHeapSize                     = 122910970                              {pd product} {ergonomic}
    uintx ReservedCodeCacheSize                    = 251658240                              {pd product} {ergonomic}
     bool SegmentedCodeCache                       = true                                      {product} {ergonomic}
     bool UseCompressedClassPointers               = true                                 {lp64_product} {ergonomic}
     bool UseCompressedOops                        = true                                 {lp64_product} {ergonomic}
     bool UseG1GC                                  = true                                      {product} {ergonomic}
     bool UseLargePagesIndividualAllocation        = false                                  {pd product} {ergonomic}

Logging:
Log output configuration:
 #0: stdout all=warning uptime,level,tags
 #1: stderr all=off uptime,level,tags

Environment Variables:
PATH=C:\Program Files\Git\mingw64\libexec\git-core;C:\Program Files\Git\mingw64\libexec\git-core;C:\Program Files\Git\mingw64\bin;C:\Program Files\Git\usr\bin;C:\Users\Teixe\bin;C:\Users\Teixe\PycharmProjects\VirtualAssistant\venv\Scripts;C:\Program Files\NVIDIA GPU Computing Toolkit\CUDA\v11.5\bin;C:\Program Files\NVIDIA GPU Computing Toolkit\CUDA\v11.5\libnvvp;C:\Program Files (x86)\Razer Chroma SDK\bin;C:\Program Files\Razer Chroma SDK\bin;C:\Program Files (x86)\Common Files\Intel\Shared Libraries\redist\intel64\compiler;C:\Program Files (x86)\Razer\ChromaBroadcast\bin;C:\Program Files\Razer\ChromaBroadcast\bin;C:\Python310\Scripts;C:\Python310;C:\Program Files\NVIDIA GPU Computing Toolkit\CUDA\v11.4\bin;C:\Program Files\NVIDIA GPU Computing Toolkit\CUDA\v11.4\libnvvp;C:\Program Files\Common Files\Oracle\Java\javapath;C:\Program Files (x86)\Common Files\Oracle\Java\javapath;C:\Windows\system32;C:\Windows;C:\Windows\System32\Wbem;C:\Windows\System32\WindowsPowerShell\v1.0;C:\Windows\System32\OpenSSH;C:\Program Files\NVIDIA Corporation\NVIDIA NvDLISR;C:\ProgramData\chocolatey\bin;C:\Program Files\Microsoft SQL Server\130\Tools\Binn;C:\Program Files (x86)\NVIDIA Corporation\PhysX\Common;C:\Program Files\Git\cmd;C:\Program Files\nodejs;C:\Windows\system32\config\systemprofile\AppData\Local\Microsoft\WindowsApps;C:\Program Files\Airshipper;C:\Program Files\PuTTY;C:\WINDOWS\system32;C:\WINDOWS;C:\WINDOWS\System32\Wbem;C:\WINDOWS\System32\WindowsPowerShell\v1.0;C:\WINDOWS\System32\OpenSSH;C:\Program Files\NVIDIA Corporation\Nsight Compute 2021.3.1;C:\Users\Teixe\AppData\Local\Microsoft\WindowsApps;C:\Users\Teixe\spicetify-cli;C:\Users\Teixe\AppData\Local\GitHubDesktop\bin;C:\Users\Teixe\AppData\Roaming\npm;C:\Users\Teixe\AppData\Local\Microsoft\WindowsApps
USERNAME=Teixe
DISPLAY=:0.0
LC_ALL=en_US.UTF-8
OS=Windows_NT
PROCESSOR_IDENTIFIER=Intel64 Family 6 Model 158 Stepping 13, GenuineIntel



---------------  S Y S T E M  ---------------

OS: Windows 10 , 64 bit Build 22000 (10.0.22000.434)
OS uptime: 0 days 4:08 hours

CPU:total 8 (initial active 8) (8 cores per cpu, 1 threads per core) family 6 model 158 stepping 13 microcode 0xde, cmov, cx8, fxsr, mmx, sse, sse2, sse3, ssse3, sse4.1, sse4.2, popcnt, avx, avx2, aes, clmul, erms, 3dnowpref, lzcnt, tsc, tscinvbit, bmi1, bmi2, adx, fma

Memory: 4k page, system-wide physical 16246M (5604M free)
TotalPageFile size 44765M (AvailPageFile size 165M)
current process WorkingSet (physical memory assigned to process): 10M, peak: 10M
current process commit charge ("private bytes"): 60M, peak: 314M

vm_info: OpenJDK 64-Bit Server VM (11.0.13+8-b1504.49) for windows-amd64 JRE (11.0.13+8-b1504.49), built on Nov  5 2021 09:56:39 by "" with MS VC++ 14.0 (VS2015)

END.
